<?xml version="1.0" encoding="UTF-8"?>
<testng-results ignored="0" total="2" passed="2" failed="0" skipped="0">
  <reporter-output>
  </reporter-output>
  <suite started-at="2022-10-24T14:17:42 IST" name="Suite" finished-at="2022-10-24T14:18:17 IST" duration-ms="35077">
    <groups>
    </groups>
    <test started-at="2022-10-24T14:17:42 IST" name="LandingPage" finished-at="2022-10-24T14:18:17 IST" duration-ms="35077">
      <class name="abbott.sdet_code_challenge.tests.LandingPageTest">
        <test-method is-config="true" signature="initialize()[pri:0, instance:abbott.sdet_code_challenge.tests.LandingPageTest@68702e03]" started-at="2022-10-24T14:17:42 IST" name="initialize" finished-at="2022-10-24T14:17:48 IST" duration-ms="6746" status="PASS">
          <reporter-output>
          </reporter-output>
        </test-method> <!-- initialize -->
        <test-method signature="testLandingPageFrance()[pri:0, instance:abbott.sdet_code_challenge.tests.LandingPageTest@68702e03]" started-at="2022-10-24T14:17:48 IST" name="testLandingPageFrance" finished-at="2022-10-24T14:18:10 IST" duration-ms="21259" status="PASS">
          <reporter-output>
          </reporter-output>
        </test-method> <!-- testLandingPageFrance -->
        <test-method is-config="true" signature="shutdownDriver()[pri:0, instance:abbott.sdet_code_challenge.tests.LandingPageTest@68702e03]" started-at="2022-10-24T14:18:10 IST" name="shutdownDriver" finished-at="2022-10-24T14:18:10 IST" duration-ms="190" status="PASS">
          <reporter-output>
          </reporter-output>
        </test-method> <!-- shutdownDriver -->
        <test-method is-config="true" signature="initialize()[pri:0, instance:abbott.sdet_code_challenge.tests.LandingPageTest@68702e03]" started-at="2022-10-24T14:18:10 IST" name="initialize" finished-at="2022-10-24T14:18:15 IST" duration-ms="5524" status="PASS">
          <reporter-output>
          </reporter-output>
        </test-method> <!-- initialize -->
        <test-method signature="testLandingPageUS()[pri:0, instance:abbott.sdet_code_challenge.tests.LandingPageTest@68702e03]" started-at="2022-10-24T14:18:15 IST" name="testLandingPageUS" finished-at="2022-10-24T14:18:17 IST" duration-ms="1155" status="PASS">
          <reporter-output>
          </reporter-output>
        </test-method> <!-- testLandingPageUS -->
        <test-method is-config="true" signature="shutdownDriver()[pri:0, instance:abbott.sdet_code_challenge.tests.LandingPageTest@68702e03]" started-at="2022-10-24T14:18:17 IST" name="shutdownDriver" finished-at="2022-10-24T14:18:17 IST" duration-ms="179" status="PASS">
          <reporter-output>
          </reporter-output>
        </test-method> <!-- shutdownDriver -->
      </class> <!-- abbott.sdet_code_challenge.tests.LandingPageTest -->
    </test> <!-- LandingPage -->
  </suite> <!-- Suite -->
</testng-results>
