<?xml version="1.0" encoding="UTF-8"?>
<!-- Generated by org.testng.reporters.JUnitXMLReporter -->
<testsuite ignored="0" hostname="CTEC-IND-237" failures="0" tests="2" name="LandingPage" time="35.077" errors="0" timestamp="2022-10-24T14:18:17 IST">
  <testcase classname="abbott.sdet_code_challenge.tests.LandingPageTest" name="testLandingPageFrance" time="21.259"/>
  <testcase classname="abbott.sdet_code_challenge.tests.LandingPageTest" name="testLandingPageUS" time="1.155"/>
</testsuite> <!-- LandingPage -->
