<?xml version="1.0" encoding="UTF-8"?>
<!-- Generated by org.testng.reporters.JUnitXMLReporter -->
<testsuite ignored="1" hostname="CTEC-IND-237" failures="0" tests="1" name="Default test" time="24.557" errors="0" timestamp="2022-10-24T02:21:48 IST">
  <testcase classname="abbott.sdet_code_challenge.tests.LandingPageTest" name="testLandingPageUS" time="1.441"/>
  <testcase classname="abbott.sdet_code_challenge.tests.LandingPageTest" name="testLandingPageFrance" time="0.0">
    <ignored/>
  </testcase> <!-- testLandingPageFrance -->
</testsuite> <!-- Default test -->
